[2024-09-28 17:07:45 +0000] [7337] [INFO] Starting gunicorn 20.0.4
[2024-09-28 17:07:45 +0000] [7337] [INFO] Listening at: http://127.0.0.1:8000 (7337)
[2024-09-28 17:07:45 +0000] [7337] [INFO] Using worker: sync
[2024-09-28 17:07:45 +0000] [7338] [INFO] Booting worker with pid: 7338
[2024-09-28 17:08:18 +0000] [7337] [INFO] Handling signal: int
[2024-09-28 17:08:18 +0000] [7338] [INFO] Worker exiting (pid: 7338)
[2024-09-28 17:08:18 +0000] [7337] [INFO] Shutting down: Master
[2024-09-28 17:10:54 +0000] [7346] [INFO] Starting gunicorn 20.0.4
[2024-09-28 17:10:54 +0000] [7346] [INFO] Listening at: http://127.0.0.1:8000 (7346)
[2024-09-28 17:10:54 +0000] [7346] [INFO] Using worker: sync
[2024-09-28 17:10:54 +0000] [7347] [INFO] Booting worker with pid: 7347
[2024-09-28 17:10:56 +0000] [7346] [INFO] Handling signal: int
[2024-09-28 17:10:56 +0000] [7346] [INFO] Shutting down: Master
[2024-09-28 17:11:38 +0000] [7356] [INFO] Starting gunicorn 20.0.4
[2024-09-28 17:11:38 +0000] [7356] [INFO] Listening at: http://127.0.0.1:8000 (7356)
[2024-09-28 17:11:38 +0000] [7356] [INFO] Using worker: sync
[2024-09-28 17:11:38 +0000] [7357] [INFO] Booting worker with pid: 7357
[2024-09-28 17:13:35 +0000] [7356] [INFO] Handling signal: int
[2024-09-28 17:13:36 +0000] [7356] [INFO] Shutting down: Master
[2024-09-28 19:12:22 +0000] [8393] [INFO] Starting gunicorn 20.0.4
[2024-09-28 19:12:22 +0000] [8393] [INFO] Listening at: http://127.0.0.1:8000 (8393)
[2024-09-28 19:12:22 +0000] [8393] [INFO] Using worker: sync
[2024-09-28 19:12:22 +0000] [8394] [INFO] Booting worker with pid: 8394
[2024-09-28 22:46:47 +0000] [8393] [INFO] Handling signal: hup
[2024-09-28 22:46:47 +0000] [8393] [INFO] Hang up: Master
[2024-09-28 22:46:47 +0000] [8773] [INFO] Booting worker with pid: 8773
[2024-09-29 23:06:53 +0000] [8393] [INFO] Handling signal: term
[2024-09-29 23:06:53 +0000] [8773] [INFO] Worker exiting (pid: 8773)
[2024-09-29 23:06:53 +0000] [8393] [INFO] Shutting down: Master
[2024-09-29 23:07:11 +0000] [11611] [INFO] Starting gunicorn 20.0.4
[2024-09-29 23:07:11 +0000] [11611] [INFO] Listening at: http://127.0.0.1:8000 (11611)
[2024-09-29 23:07:11 +0000] [11611] [INFO] Using worker: sync
[2024-09-29 23:07:11 +0000] [11612] [INFO] Booting worker with pid: 11612
[2024-09-29 23:07:16 +0000] [11611] [INFO] Handling signal: int
[2024-09-29 23:07:17 +0000] [11612] [INFO] Worker exiting (pid: 11612)
[2024-09-29 23:07:17 +0000] [11611] [INFO] Shutting down: Master
